<?xml version="1.0" encoding="UTF-8"?>
<!-- Generated by org.testng.reporters.JUnitReportReporter -->
<testsuite skipped="0" hostname="rafi" name="com.diaspora.testcases.DiasporaTest" tests="1" failures="0" timestamp="18 Dec 2017 05:04:25 GMT" time="88.296" errors="0">
  <testcase name="demo11" time="88.296" classname="com.diaspora.testcases.DiasporaTest"/>
</testsuite> <!-- com.diaspora.testcases.DiasporaTest -->
