<?xml version="1.0" encoding="UTF-8"?>
<!-- Generated by org.testng.reporters.JUnitReportReporter -->
<testsuite skipped="0" hostname="rafi" name="datadriven_framework.Data1" tests="2" failures="0" timestamp="18 Dec 2017 05:39:01 GMT" time="79.190" errors="0">
  <testcase name="framework" time="38.428" classname="datadriven_framework.Data1"/>
  <testcase name="framework" time="40.762" classname="datadriven_framework.Data1"/>
</testsuite> <!-- datadriven_framework.Data1 -->
