<?xml version="1.0" encoding="UTF-8"?>
<!-- Generated by org.testng.reporters.JUnitReportReporter -->
<testsuite skipped="1" hostname="rafi" name="datadriven_framework.Datadriven_excel" tests="1" failures="0" timestamp="18 Dec 2017 10:55:32 GMT" time="0.000" errors="0">
  <testcase name="framework" time="0.000" classname="datadriven_framework.Datadriven_excel">
    <skipped/>
  </testcase> <!-- framework -->
</testsuite> <!-- datadriven_framework.Datadriven_excel -->
