<?xml version="1.0" encoding="UTF-8"?>
<!-- Generated by org.testng.reporters.JUnitReportReporter -->
<testsuite skipped="0" hostname="rafi" name="com.diaspora.testcases.Testdiaspora" tests="1" failures="0" timestamp="15 Dec 2017 11:05:11 GMT" time="76.229" errors="0">
  <testcase name="Test1" time="76.229" classname="com.diaspora.testcases.Testdiaspora"/>
</testsuite> <!-- com.diaspora.testcases.Testdiaspora -->
