<?xml version="1.0" encoding="UTF-8"?>
<!-- Generated by org.testng.reporters.JUnitReportReporter -->
<testsuite skipped="0" hostname="rafi" name="demo.Test1" tests="1" failures="0" timestamp="15 Dec 2017 07:45:33 GMT" time="95.046" errors="0">
  <testcase name="Test" time="95.046" classname="demo.Test1"/>
</testsuite> <!-- demo.Test1 -->
