<?xml version="1.0" encoding="UTF-8"?>
<!-- Generated by org.testng.reporters.JUnitReportReporter -->
<testsuite skipped="0" hostname="rafi" name="practise.Redbus" tests="1" failures="0" timestamp="28 Dec 2017 05:43:31 GMT" time="64.353" errors="0">
  <testcase name="Red" time="64.353" classname="practise.Redbus"/>
</testsuite> <!-- practise.Redbus -->
