<?xml version="1.0" encoding="UTF-8"?>
<!-- Generated by org.testng.reporters.JUnitReportReporter -->
<testsuite skipped="0" hostname="rafi" name="trvl_project.Login" tests="1" failures="0" timestamp="04 Jan 2018 09:51:25 GMT" time="44.443" errors="0">
  <testcase name="loginto" time="44.443" classname="trvl_project.Login"/>
</testsuite> <!-- trvl_project.Login -->
